Adding Filesystem Addon 'addons/aden_character_system'
Adding Filesystem Addon 'addons/admin-popups-all-admin-mods-gamemodes-v2.1.0'
Adding Filesystem Addon 'addons/advanced-jewelry-robbery'
Adding Filesystem Addon 'addons/advanced-robbery'
Adding Filesystem Addon 'addons/advanced-spawnmenu'
Adding Filesystem Addon 'addons/advanced_accessories_v2.2.6'
Adding Filesystem Addon 'addons/animation-wheel'
Adding Filesystem Addon 'addons/awarn3'
Adding Filesystem Addon 'addons/bricks-enchanced-sweps'
Adding Filesystem Addon 'addons/ch_atm'
Adding Filesystem Addon 'addons/css-content-gmodcontent'
Adding Filesystem Addon 'addons/darkrp-city-worker-1.0.5'
Adding Filesystem Addon 'addons/darkrpmodification'
Adding Filesystem Addon 'addons/dradio'
Adding Filesystem Addon 'addons/elegant-printers'
Adding Filesystem Addon 'addons/gmodadminsuite-adminphysgun-2.0.1'
Adding Filesystem Addon 'addons/gmodadminsuite-adminsits-2.0.2'
Adding Filesystem Addon 'addons/gmodadminsuite-config'
Adding Filesystem Addon 'addons/gmodadminsuite-jobwhitelist-1.3.4'
Adding Filesystem Addon 'addons/gmodadminsuite-logging-2.4.8'
Adding Filesystem Addon 'addons/investigation-mod'
Adding Filesystem Addon 'addons/lsac'
Adding Filesystem Addon 'addons/mc_phone'
Adding Filesystem Addon 'addons/mc_ranks'
Adding Filesystem Addon 'addons/msd_ui'
Adding Filesystem Addon 'addons/radio'
Adding Filesystem Addon 'addons/realistic_police_v1.8.8'
Adding Filesystem Addon 'addons/sam-160'
Adding Filesystem Addon 'addons/scbchatbox'
Adding Filesystem Addon 'addons/sui'
Adding Filesystem Addon 'addons/talk-modes'
Adding Filesystem Addon 'addons/vcmod_els_autoupdate'
Adding Filesystem Addon 'addons/vcmod_main_autoupdate'
Adding Filesystem Addon 'addons/willox-keypad-cracker'
Adding Filesystem Addon 'addons/xenin_f4'
Adding Filesystem Addon 'addons/xeon-drm-dll'
Adding Filesystem Addon 'addons/zeros_methlab02_v1.4.7'
WS: Waiting for Steam to log us in.....
WS: Fetching collection info...
Processing collection 3493961333...
   Collection '06/06/2025' (168 items)
   Retrieving item details...
   168 new addon(s)
WS: Finished!

WS: Processing 168 addons...
Processing addon 168: Aden Creator Character - Content (2771469791)...
   Mounted!
Processing addon 167: Advanced Duplicator 2 (773402917)...
   Mounted!
Processing addon 166: AWarn3 Server Content (1853618226)...
   Mounted!
Processing addon 165: Billy's Console Log Uploader (1706975624)...
   Mounted!
Processing addon 164: bodygroupe FR custom (3400835736)...
   Mounted!
Processing addon 163: CH ATM - Content (2742214519)...
   Mounted!
Processing addon 162: DRadio Materials (1419266438)...
   Mounted!
Processing addon 161: Drinks [SWEP] (2497427837)...
   Mounted!
Processing addon 160: DurgzMod (The Original GMod Drugs Mod) (696374067)...
   Mounted!
Processing addon 159: Dynamic Weapon Reverb (2856382594)...
   Mounted!
Processing addon 158: Effect Resizer (641848001)...
   Mounted!
Processing addon 157: Elegant Printers - Content (1472719548)...
   Mounted!
Processing addon 156: Food and Household items (108024198)...
   Mounted!
Processing addon 155: GTA 5 Contraband [props] (2475531440)...
   Mounted!
Processing addon 154: GTA V Money PropsPack (2415597316)...
   Mounted!
Processing addon 153: GTA V Rustic PropsPack (2413649836)...
   Mounted!
Processing addon 152: GTA V - Market Rp Props Pack (2424892179)...
   Mounted!
Processing addon 151: Heineken Beer SWEP (2853616849)...
   Mounted!
Processing addon 150: KVSLib (2031595057)...
   Mounted!
Processing addon 149: McPhone content (2011745721)...
   Mounted!
Processing addon 148: Merryweather Security (738724607)...
   Mounted!
Processing addon 147: Misc EMV Props (2046835872)...
   Mounted!
Processing addon 146: Modern US Army Special Forces (PM+NPC) (3436168950)...
   Mounted!
Processing addon 145: MRS Content (Icons) (2689168958)...
   Mounted!
Processing addon 144: MSD UI Content only (2486994157)...
   Mounted!
Processing addon 143: Mute Gravity Gun (no sound) (1957579234)...
   Mounted!
Processing addon 142: Muted Toolgun (1080666656)...
   Mounted!
Processing addon 141: Photon - Additional Props And Components (1701821427)...
   Mounted!
Processing addon 140: Photon 1 (Old Version): Lighting Engine (339648087)...
   Mounted!
Processing addon 139: Photon 2: Emergency Systems Platform (3128242636)...
   Mounted!
Processing addon 138: Props Medic (3305278998)...
   Mounted!
Processing addon 137: Roleplay Props (327281224)...
   Mounted!
Processing addon 136: Rp Props Food Truck (2315023831)...
   Mounted!
Processing addon 135: Supersonic Bullet Cracks (1197226439)...
   Mounted!
Processing addon 134: Talk Modes - whisper/talk/yell - Content (2086174798)...
   Mounted!
Processing addon 133: VCMod Content (632470227)...
   Mounted!
Processing addon 132: VCMod Handling Editor (345123840)...
   Mounted!
Processing addon 131: Xenin - The Xenin Framework (1900562881)...
   Mounted!
Processing addon 130: DarkRP City Worker Content (1517299403)...
   Mounted!
Processing addon 129: Workers Playermodels 2 (2914492902)...
   Mounted!
Processing addon 128: Brick's Enhanced SWEPs - Content (1910270104)...
   Mounted!
Processing addon 127: Advanced Jewelry Robbery (1621662468)...
   Mounted!
Processing addon 126: KB GMS - Advanced Accessory System (2567098902)...
   Mounted!
Processing addon 125: Multiple Advanced RT Cameras (1940264801)...
   Mounted!
Processing addon 124: VManip (Base) (2155366756)...
   Mounted!
Processing addon 123: [VManip]Door Interaction Animation (2973512530)...
   Mounted!
Processing addon 122: vFire - Dynamic Fire for Garry's Mod (1525218777)...
   Mounted!
Processing addon 121: Dynamic Blood Placement (2108038690)...
   Mounted!
Processing addon 120: Hands & Fists SWEP (2655546055)...
   Mounted!
Processing addon 119: The Sit Anywhere Script! (108176967)...
   Mounted!
Processing addon 118: [HEXED] Citizens Mega Pack (610653135)...
   Mounted!
Processing addon 117: SCB Materials (1998633255)...
   Mounted!
Processing addon 116: Corvus Holod [PM & Ragdoll] (3360143177)...
   Mounted!
Processing addon 115: Cinematic Weapon Soundpack (2310086854)...
   Mounted!
Processing addon 114: TFA Base (2840031720)...
   Mounted!
Processing addon 113: Axon BodyCam Overlay *UPDATE!* БодиКамера (3135442687)...
   Mounted!
Processing addon 112: RealismVision: Blood Mod (3217024497)...
   Mounted!
Processing addon 111: [xdR] Sprint Animation Replacement For Players (3261368783)...
   Mounted!
Processing addon 110: xdReanimsBase (GMod) Anim Mods base (2143558752)...
   Mounted!
Processing addon 109: iNPC - Artifical Intelligence Module (Improved NPC AI) (632126111)...
   Mounted!
Processing addon 108: Medpack and medstuff [FO4 MOD port] (2998916800)...
   Mounted!
Processing addon 107: Gilet Par Balles | Tactical Under Armour Kevlar (2928648793)...
   Mounted!
Processing addon 106: PM Detective Police RPD | Rockford Police Department Detective Unit (2885837445)...
   Mounted!
Processing addon 105: Office Prop Pack [GTA V] (539421923)...
   Mounted!
Processing addon 104: USA/UK Police Line Tape (Do Not Cross) [ROPE] (384656069)...
   Mounted!
Processing addon 103: TDMCars - Commercial Vehicles (777864203)...
   Mounted!
Processing addon 102: TDMCars - Base Pack (112606459)...
   Mounted!
Processing addon 101: [GTA V] Giant Accessories Pack (572310302)...
   Mounted!
Processing addon 100: [LW] Ford F350 Ambulance (343729375)...
   Mounted!
Processing addon 99: [OLD] TFA CS:GO - Grenades/Utility Only Edition (1351711791)...
   Mounted!
Processing addon 98: AmmuNation Props [GTA V] (2105711471)...
   Mounted!
Processing addon 97: 2016 Ford Police Interceptor Utility (1496561587)...
   Mounted!
Processing addon 96: SGM Shared Textures (218869210)...
   Mounted!
Processing addon 95: 2010 Ford CVPI [P7B] (1327063206)...
   Mounted!
Processing addon 94: 2017 Ford F-150 Raptor (802923282)...
   Mounted!
Processing addon 93: 2020 Ford Police Interceptor Utility (1911094926)...
   Mounted!
Processing addon 92: Chevrolet Suburban 2015 - Undercover Police Car (847550963)...
   Mounted!
Processing addon 91: [Photon]Mercedes E63 AMG Undercover Police Car (746308051)...
   Mounted!
Processing addon 90: TDMCars - Mercedes (131246684)...
   Mounted!
Processing addon 89: Undercover Mercedes C63 (695491906)...
   Mounted!
Processing addon 88: [Photon] Nissan GTR Undercover (832168859)...
   Mounted!
Processing addon 87: TDMCars - Nissan (123455885)...
   Mounted!
Processing addon 86: [Photon] Dodge Undercover truck (1244078755)...
   Mounted!
Processing addon 85: [LW] Dodge Ram 1500 Outdoorsman (379100546)...
   Mounted!
Processing addon 84: [LW] Mercedes-Benz G65 AMG (223767390)...
   Mounted!
Processing addon 83: [LW] Ford Country Squire (242839723)...
   Mounted!
Processing addon 82: [LW] Mercedes-Benz Sprinter Pack (247188645)...
   Mounted!
Processing addon 81: [LW] Bentley Arnage T (257776433)...
   Mounted!
Processing addon 80: [LW] Chevrolet Camaro SS '68 (268881178)...
   Mounted!
Processing addon 79: [LW] Ford Capri RS3100 Mk.I (322371005)...
   Mounted!
Processing addon 78: [LW] Ford Mustang MkV Convertible (393306756)...
   Mounted!
Processing addon 77: [LW] Subaru Impreza WRX STi 2004 (411024620)...
   Mounted!
Processing addon 76: [LW] Dodge Charger 1970 Fast and Furious Edition (422953233)...
   Mounted!
Processing addon 75: [LW] GMC Pack (497652801)...
   Mounted!
Processing addon 74: [LW] Shared Textures (266579667)...
   Mounted!
Processing addon 73: [LW] Hummer Pack (664483053)...
   Mounted!
Processing addon 72: [LW] BMW Pack (1400113491)...
   Mounted!
Processing addon 71: [LW] Shelby Pack (477862750)...
   Mounted!
Processing addon 70: [LW] Mercedes SLK55 AMG (399406952)...
   Mounted!
Processing addon 69: [LW] Dacia Duster (377522745)...
   Mounted!
Processing addon 68: [LW] Ford SVT Cobra R (307458805)...
   Mounted!
Processing addon 67: [LW] Lotus Esprit Turbo (277851555)...
   Mounted!
Processing addon 66: [LW] NFS Ford Mustang GT (248965362)...
   Mounted!
Processing addon 65: [FIX] Honda Motorcycle (1515004519)...
   Mounted!
Processing addon 64: Rytrak Cars - Renault Master Van (1843083995)...
   Mounted!
Processing addon 63: Rytrak Cars - Shared Textures (1704390057)...
   Mounted!
Processing addon 62: [Photon] GMC Savana Prisoner Transport (843321288)...
   Mounted!
Processing addon 61: The Female Police (755229772)...
   Mounted!
Processing addon 60: Passport and Police Badges v1 (748182376)...
   Mounted!
Processing addon 59: Police Chicago (1223337299)...
   Mounted!
Processing addon 58: DEA Playermodels [FBI Reskin] (809534775)...
   Mounted!
Processing addon 57: CS:GO SWAT and FBI (108740791)...
   Mounted!
Processing addon 56: FBI | Mobile Command Center (2056107758)...
   Mounted!
Processing addon 55: Phase 2 ECPD FBI Agents (NPCs) (1383752522)...
   Mounted!
Processing addon 54: Phase 2 ECPD FBI Agents (NPCs Bad) (1383758513)...
   Mounted!
Processing addon 53: Phase 2 ECPD FBI Agents (P.M) (1383742536)...
   Mounted!
Processing addon 52: Dodge Charger 2012 FBI Skin (811705021)...
   Mounted!
Processing addon 51: TDMCars - Emergency Vehicles pack (349281554)...
   Mounted!
Processing addon 50: [Photon] Chevy Thoe FBI Pack (933311313)...
   Mounted!
Processing addon 49: [LW] Chevrolet Suburban/Tahoe Pack (258999371)...
   Mounted!
Processing addon 48: Enhanced Casual Citizens V2 (2958143989)...
   Mounted!
Processing addon 47: Suit-Wearing Citizens ragdolls (109062494)...
   Mounted!
Processing addon 46: Monolith: Roleplay Playermodels - EMS Model Pack (735920465)...
   Mounted!
Processing addon 45: Monolith Police Playermodels (2439062650)...
   Mounted!
Processing addon 44: Monolith: Police Playermodels (2317008029)...
   Mounted!
Processing addon 43: Emergency Medical Technician (1096295606)...
   Mounted!
Processing addon 42: Escape From Tarkov PM (2691090742)...
   Mounted!
Processing addon 41: EFT - Extended PMC PMs (2828830531)...
   Mounted!
Processing addon 40: EFT - Extended PMC C_Hands (2828829604)...
   Mounted!
Processing addon 39: TFA Insurgency: Shared Parts (2840032487)...
   Mounted!
Processing addon 38: [TFA] No More Room in Hell Melee SWEPs + TFA Base (2849966415)...
   Mounted!
Processing addon 37: Rogue Scoreboard Resource (2248752220)...
   Mounted!
Processing addon 36: Srlion's Hook Library (1907060869)...
   Mounted!
Processing addon 35: The Prone Mod (1100368137)...
   Mounted!
Processing addon 34: Gruppe 6 Security GTA V (1343982802)...
   Mounted!
Processing addon 33: [Tool] 3 Personne en francais (1266425487)...
   Mounted!
Processing addon 32: TDMCars - Cadillac (126920533)...
   Mounted!
Processing addon 31: TDM's Prop Pack (489864412)...
   Mounted!
Processing addon 30: [Photon] Mercedes Sprinter Box Trucks (355135959)...
   Mounted!
Processing addon 29: RT Camera (106944414)...
   Mounted!
Processing addon 28: [Photon] Ford F150 Utility (360915539)...
   Mounted!
Processing addon 27: [Photon] Caison Fire Truck (342323709)...
   Mounted!
Processing addon 26: Gmod Vehicle Bundle (340445374)...
   Mounted!
Processing addon 25: TDM - Tesla Model S (884350000)...
   Mounted!
Processing addon 24: [R4Cars] Maserati Levante (884017591)...
   Mounted!
Processing addon 23: Vehicule Skin - DEA Roleplay Skin (2152144958)...
   Mounted!
Processing addon 22: TDMCars - Land Rover (230680318)...
   Mounted!
Processing addon 21: TDMCars - Jaguar (556698122)...
   Mounted!
Processing addon 20: EMS Escalade Skin (128588729)...
   Mounted!
Processing addon 19: [Dannio] International Durastar 2002 (Armored) (2509426375)...
   Mounted!
Processing addon 18: Dannio's Cars Shared Textures (2167841532)...
   Mounted!
Processing addon 17: GTA IV Bike Helmets (551144079)...
   Mounted!
Processing addon 16: Grand Theft Auto V Death Screen (Now with next-gen mode!) (230215823)...
   Mounted!
Processing addon 15: Barricades (775519070)...
   Mounted!
Processing addon 14: SAM Admin Mod | Job Bans Module (2920525170)...
   Mounted!
Processing addon 13: pack arme tfa-at base  by korneevscp (3272815642)...
   Mounted!
Processing addon 12: arme test 1 (3303759105)...
   Mounted!
Processing addon 11: [CONTENT] Juk Hacking System (2901408147)...
   Mounted!
Processing addon 10: Zeros Lua Libary (2532060111)...
   Mounted!
Processing addon 9: Zero´s Methlab 2 - Contentpack (2486834214)...
   Mounted!
Processing addon 8: Ultimate Brinks System (1822967888)...
   Mounted!
Processing addon 7: Investigation Mod - Contents (2128952686)...
   Mounted!
Processing addon 6: Combine Administrators v2 (105042805)...
   Mounted!
Processing addon 5: (Official Pack) Fire Fighter { P.M. } (608930711)...
   Mounted!
Processing addon 4: Ancient GPD Sheriff (PM) (1593325443)...
   Mounted!
Processing addon 3: Escape From Tarkov HUD [Discontinued] (2578541471)...
   Mounted!
Processing addon 2: Fire Extinguisher (104607228)...
   Mounted!
Processing addon 1: RP_SouthSide (2010286798)...
   Addon needs downloading...
   Downloading [ 84% of 437.7 MB ]
   Downloading [ 84% of 437.7 MB ]
   Downloading [ 84% of 437.7 MB ]
   Downloading [ 85% of 437.7 MB ]
   Downloading [ 86% of 437.7 MB ]
   Downloading [ 86% of 437.7 MB ]
   Downloading [ 87% of 437.7 MB ]
   Downloading [ 88% of 437.7 MB ]
   Downloading [ 88% of 437.7 MB ]
   Downloading [ 89% of 437.7 MB ]
   Downloading [ 90% of 437.7 MB ]
   Downloading [ 90% of 437.7 MB ]
   Downloading [ 91% of 437.7 MB ]
   Downloading [ 92% of 437.7 MB ]
   Downloading [ 92% of 437.7 MB ]
   Downloading [ 93% of 437.7 MB ]
   Downloading [ 94% of 437.7 MB ]
   Downloading [ 95% of 437.7 MB ]
   Downloading [ 95% of 437.7 MB ]
   Downloading [ 96% of 437.7 MB ]
   Downloading [ 97% of 437.7 MB ]
   Downloading [ 97% of 437.7 MB ]
   Downloading [ 98% of 437.7 MB ]
   Downloading [ 99% of 437.7 MB ]
   Downloaded!
   Mounted!
WS: Finished!
Extracted 'resource/fonts/montserrat-regular.ttf' from workshop addon
Extracted 'resource/fonts/montserrat-regular.ttf' from workshop addon
Extracted 'resource/fonts/inter-black.ttf' from workshop addon
Extracted 'resource/fonts/inter-blackitalic.ttf' from workshop addon
Extracted 'resource/fonts/inter-bold.ttf' from workshop addon
Extracted 'resource/fonts/inter-bolditalic.ttf' from workshop addon
Extracted 'resource/fonts/inter-extrabold.ttf' from workshop addon
Extracted 'resource/fonts/inter-extrabolditalic.ttf' from workshop addon
Extracted 'resource/fonts/inter-extralight.ttf' from workshop addon
Extracted 'resource/fonts/inter-extralightitalic.ttf' from workshop addon
Extracted 'resource/fonts/inter-italic.ttf' from workshop addon
Extracted 'resource/fonts/inter-light.ttf' from workshop addon
Extracted 'resource/fonts/inter-lightitalic.ttf' from workshop addon
Extracted 'resource/fonts/inter-medium.ttf' from workshop addon
Extracted 'resource/fonts/inter-mediumitalic.ttf' from workshop addon
Extracted 'resource/fonts/inter-regular.ttf' from workshop addon
Extracted 'resource/fonts/inter-semibold.ttf' from workshop addon
Extracted 'resource/fonts/inter-semibolditalic.ttf' from workshop addon
Extracted 'resource/fonts/inter-thin.ttf' from workshop addon
Extracted 'resource/fonts/inter-thinitalic.ttf' from workshop addon
Addon '[TFA] No More Room in Hell Melee SWEPs + TFA Base' (2849966415) contains file from 2840031720: 'lua/autorun/tfa_base_autorun.lua'
Addon '[TFA] No More Room in Hell Melee SWEPs + TFA Base' (2849966415) contains file from 2840031720: 'lua/effects/tfa_muzzleflash_silenced/init.lua'
Addon '[TFA] No More Room in Hell Melee SWEPs + TFA Base' (2849966415) contains file from 2840031720: 'lua/effects/tfa_muzzlesmoke/init.lua'
Addon '[TFA] No More Room in Hell Melee SWEPs + TFA Base' (2849966415) contains file from 2840031720: 'lua/tfa/documentation/tfa_base_template.lua'
Addon '[TFA] No More Room in Hell Melee SWEPs + TFA Base' (2849966415) contains file from 2840031720: 'lua/tfa/documentation/tfa_hooks_custom.lua'
Addon '[TFA] No More Room in Hell Melee SWEPs + TFA Base' (2849966415) contains file from 2840031720: 'lua/tfa/enums/sights.lua'
Addon '[TFA] No More Room in Hell Melee SWEPs + TFA Base' (2849966415) contains file from 2840031720: 'lua/tfa/enums/statusnew.lua'
Addon '[TFA] No More Room in Hell Melee SWEPs + TFA Base' (2849966415) contains file from 2840031720: 'lua/tfa/modules/cl_tfa_commands.lua'
Addon '[TFA] No More Room in Hell Melee SWEPs + TFA Base' (2849966415) contains file from 2840031720: 'lua/tfa/modules/cl_tfa_fonts.lua'
Addon '[TFA] No More Room in Hell Melee SWEPs + TFA Base' (2849966415) contains file from 2840031720: 'lua/tfa/modules/cl_tfa_rendertarget.lua'
Addon '[TFA] No More Room in Hell Melee SWEPs + TFA Base' (2849966415) contains file from 2840031720: 'lua/tfa/modules/sv_tfa_settingsmenu.lua'
Addon '[TFA] No More Room in Hell Melee SWEPs + TFA Base' (2849966415) contains file from 2840031720: 'lua/tfa/modules/cl_tfa_stencilsights.lua'
Addon '[TFA] No More Room in Hell Melee SWEPs + TFA Base' (2849966415) contains file from 2840031720: 'lua/tfa/modules/tfa_attachments.lua'
Addon '[TFA] No More Room in Hell Melee SWEPs + TFA Base' (2849966415) contains file from 2840031720: 'lua/tfa/modules/cl_tfa_vgui.lua'
Addon '[TFA] No More Room in Hell Melee SWEPs + TFA Base' (2849966415) contains file from 2840031720: 'lua/tfa/modules/tfa_commands.lua'
Addon '[TFA] No More Room in Hell Melee SWEPs + TFA Base' (2849966415) contains file from 2840031720: 'lua/tfa/modules/tfa_data.lua'
Addon '[TFA] No More Room in Hell Melee SWEPs + TFA Base' (2849966415) contains file from 2840031720: 'lua/tfa/modules/tfa_envcheck.lua'
Addon '[TFA] No More Room in Hell Melee SWEPs + TFA Base' (2849966415) contains file from 2840031720: 'lua/tfa/modules/tfa_functions.lua'
Addon '[TFA] No More Room in Hell Melee SWEPs + TFA Base' (2849966415) contains file from 2840031720: 'lua/tfa/modules/tfa_hooks.lua'
Addon '[TFA] No More Room in Hell Melee SWEPs + TFA Base' (2849966415) contains file from 2840031720: 'lua/tfa/modules/tfa_soundscripts.lua'
Addon '[TFA] No More Room in Hell Melee SWEPs + TFA Base' (2849966415) contains file from 2840031720: 'lua/tfa/modules/tfa_tttpatch.lua'
Addon '[TFA] No More Room in Hell Melee SWEPs + TFA Base' (2849966415) contains file from 2840031720: 'lua/tfa/muzzleflash_base.lua'
Addon '[TFA] No More Room in Hell Melee SWEPs + TFA Base' (2849966415) contains file from 2840031720: 'lua/weapons/tfa_bash_base.lua'
Addon '[TFA] No More Room in Hell Melee SWEPs + TFA Base' (2849966415) contains file from 2840031720: 'lua/weapons/tfa_bow_base.lua'
Addon '[TFA] No More Room in Hell Melee SWEPs + TFA Base' (2849966415) contains file from 2840031720: 'lua/weapons/tfa_gun_base/client/effects.lua'
Addon '[TFA] No More Room in Hell Melee SWEPs + TFA Base' (2849966415) contains file from 2840031720: 'lua/weapons/tfa_gun_base/client/flashlight.lua'
Addon '[TFA] No More Room in Hell Melee SWEPs + TFA Base' (2849966415) contains file from 2840031720: 'lua/weapons/tfa_gun_base/client/viewbob.lua'
Addon '[TFA] No More Room in Hell Melee SWEPs + TFA Base' (2849966415) contains file from 2840031720: 'lua/weapons/tfa_gun_base/client/viewmodel.lua'
Addon '[TFA] No More Room in Hell Melee SWEPs + TFA Base' (2849966415) contains file from 2840031720: 'lua/weapons/tfa_gun_base/client/laser.lua'
Addon '[TFA] No More Room in Hell Melee SWEPs + TFA Base' (2849966415) contains file from 2840031720: 'lua/weapons/tfa_gun_base/cl_init.lua'
Addon '[TFA] No More Room in Hell Melee SWEPs + TFA Base' (2849966415) contains file from 2840031720: 'lua/weapons/tfa_gun_base/client/hud.lua'
Addon '[TFA] No More Room in Hell Melee SWEPs + TFA Base' (2849966415) contains file from 2840031720: 'lua/weapons/tfa_gun_base/common/akimbo.lua'
Addon '[TFA] No More Room in Hell Melee SWEPs + TFA Base' (2849966415) contains file from 2840031720: 'lua/weapons/tfa_gun_base/common/autodetection.lua'
Addon '[TFA] No More Room in Hell Melee SWEPs + TFA Base' (2849966415) contains file from 2840031720: 'lua/weapons/tfa_gun_base/common/calc.lua'
Addon '[TFA] No More Room in Hell Melee SWEPs + TFA Base' (2849966415) contains file from 2840031720: 'lua/weapons/tfa_gun_base/common/bullet.lua'
Addon '[TFA] No More Room in Hell Melee SWEPs + TFA Base' (2849966415) contains file from 2840031720: 'lua/weapons/tfa_gun_base/common/anims.lua'
Addon '[TFA] No More Room in Hell Melee SWEPs + TFA Base' (2849966415) contains file from 2840031720: 'lua/weapons/tfa_gun_base/common/skins.lua'
Addon '[TFA] No More Room in Hell Melee SWEPs + TFA Base' (2849966415) contains file from 2840031720: 'lua/weapons/tfa_gun_base/common/attachments.lua'
Addon '[TFA] No More Room in Hell Melee SWEPs + TFA Base' (2849966415) contains file from 2840031720: 'lua/weapons/tfa_gun_base/common/utils.lua'
Addon '[TFA] No More Room in Hell Melee SWEPs + TFA Base' (2849966415) contains file from 2840031720: 'lua/weapons/tfa_gun_base/common/stat.lua'
Addon '[TFA] No More Room in Hell Melee SWEPs + TFA Base' (2849966415) contains file from 2840031720: 'lua/weapons/tfa_gun_base/common/events.lua'
Addon '[TFA] No More Room in Hell Melee SWEPs + TFA Base' (2849966415) contains file from 2840031720: 'lua/weapons/tfa_knife_base.lua'
Addon '[TFA] No More Room in Hell Melee SWEPs + TFA Base' (2849966415) contains file from 2840031720: 'lua/weapons/tfa_gun_base/shared.lua'
Addon '[TFA] No More Room in Hell Melee SWEPs + TFA Base' (2849966415) contains file from 2840031720: 'lua/weapons/tfa_melee_base/shared.lua'
Addon '[TFA] No More Room in Hell Melee SWEPs + TFA Base' (2849966415) contains file from 2840031720: 'lua/weapons/tfa_nade_base.lua'
Addon 'pack arme tfa-at base  by korneevscp' (3272815642) contains file from 2840032487: 'lua/tfa/att/ins2_fg_grip.lua'
Addon 'pack arme tfa-at base  by korneevscp' (3272815642) contains file from 2840032487: 'lua/tfa/att/ins2_scope_base.lua'
Addon 'pack arme tfa-at base  by korneevscp' (3272815642) contains file from 2849966415: 'lua/tfa/documentation/tfa_base_template.lua'
Addon 'pack arme tfa-at base  by korneevscp' (3272815642) contains file from 2849966415: 'lua/tfa/documentation/tfa_hooks_custom.lua'
Addon 'pack arme tfa-at base  by korneevscp' (3272815642) contains file from 2849966415: 'lua/tfa/enums/sights.lua'
Addon 'pack arme tfa-at base  by korneevscp' (3272815642) contains file from 2849966415: 'lua/tfa/enums/statusnew.lua'
Addon 'pack arme tfa-at base  by korneevscp' (3272815642) contains file from 2840032487: 'lua/tfa/external/cl_ins2_pmhands.lua'
Addon 'pack arme tfa-at base  by korneevscp' (3272815642) contains file from 2840032487: 'lua/tfa/external/cl_ins2_sightanims.lua'
Addon 'pack arme tfa-at base  by korneevscp' (3272815642) contains file from 2840032487: 'lua/tfa/external/ins2_sounds.lua'
Addon 'pack arme tfa-at base  by korneevscp' (3272815642) contains file from 2849966415: 'lua/tfa/framework/tfa_loader.lua'
Addon 'pack arme tfa-at base  by korneevscp' (3272815642) contains file from 2840032487: 'lua/tfa/modules/cl_ins2_holosights.lua'
Addon 'pack arme tfa-at base  by korneevscp' (3272815642) contains file from 2849966415: 'lua/tfa/modules/cl_tfa_commands.lua'
Addon 'pack arme tfa-at base  by korneevscp' (3272815642) contains file from 2849966415: 'lua/tfa/modules/cl_tfa_fonts.lua'
Addon 'pack arme tfa-at base  by korneevscp' (3272815642) contains file from 2849966415: 'lua/tfa/modules/cl_tfa_rendertarget.lua'
Addon 'pack arme tfa-at base  by korneevscp' (3272815642) contains file from 2849966415: 'lua/tfa/modules/cl_tfa_stencilsights.lua'
Addon 'pack arme tfa-at base  by korneevscp' (3272815642) contains file from 2840031720: 'lua/tfa/modules/cl_tfa_subcategories.lua'
Addon 'pack arme tfa-at base  by korneevscp' (3272815642) contains file from 2849966415: 'lua/tfa/modules/cl_tfa_vgui.lua'
Addon 'pack arme tfa-at base  by korneevscp' (3272815642) contains file from 2849966415: 'lua/tfa/modules/tfa_attachments.lua'
Addon 'pack arme tfa-at base  by korneevscp' (3272815642) contains file from 2849966415: 'lua/tfa/modules/tfa_commands.lua'
Addon 'pack arme tfa-at base  by korneevscp' (3272815642) contains file from 2849966415: 'lua/tfa/modules/tfa_data.lua'
Addon 'pack arme tfa-at base  by korneevscp' (3272815642) contains file from 2849966415: 'lua/tfa/modules/tfa_hooks.lua'
Addon 'pack arme tfa-at base  by korneevscp' (3272815642) contains file from 2849966415: 'lua/tfa/modules/tfa_soundscripts.lua'
Addon 'pack arme tfa-at base  by korneevscp' (3272815642) contains file from 2849966415: 'lua/tfa/modules/tfa_tttpatch.lua'
Addon 'pack arme tfa-at base  by korneevscp' (3272815642) contains file from 2849966415: 'lua/weapons/tfa_bash_base.lua'
Addon 'pack arme tfa-at base  by korneevscp' (3272815642) contains file from 2849966415: 'lua/weapons/tfa_gun_base/client/flashlight.lua'
Addon 'pack arme tfa-at base  by korneevscp' (3272815642) contains file from 2849966415: 'lua/weapons/tfa_gun_base/client/hud.lua'
Addon 'pack arme tfa-at base  by korneevscp' (3272815642) contains file from 2849966415: 'lua/weapons/tfa_gun_base/client/laser.lua'
Addon 'pack arme tfa-at base  by korneevscp' (3272815642) contains file from 2849966415: 'lua/weapons/tfa_gun_base/client/viewbob.lua'
Addon 'pack arme tfa-at base  by korneevscp' (3272815642) contains file from 2849966415: 'lua/weapons/tfa_gun_base/client/viewmodel.lua'
Addon 'pack arme tfa-at base  by korneevscp' (3272815642) contains file from 2849966415: 'lua/weapons/tfa_gun_base/common/akimbo.lua'
Addon 'pack arme tfa-at base  by korneevscp' (3272815642) contains file from 2849966415: 'lua/weapons/tfa_gun_base/common/anims.lua'
Addon 'pack arme tfa-at base  by korneevscp' (3272815642) contains file from 2849966415: 'lua/weapons/tfa_gun_base/common/autodetection.lua'
Addon 'pack arme tfa-at base  by korneevscp' (3272815642) contains file from 2849966415: 'lua/weapons/tfa_gun_base/common/bullet.lua'
Addon 'pack arme tfa-at base  by korneevscp' (3272815642) contains file from 2849966415: 'lua/weapons/tfa_gun_base/common/events.lua'
Addon 'pack arme tfa-at base  by korneevscp' (3272815642) contains file from 2849966415: 'lua/weapons/tfa_gun_base/common/utils.lua'
Addon 'pack arme tfa-at base  by korneevscp' (3272815642) contains file from 2849966415: 'lua/weapons/tfa_gun_base/shared.lua'
Addon 'pack arme tfa-at base  by korneevscp' (3272815642) contains file from 2849966415: 'lua/weapons/tfa_melee_base/shared.lua'
Extracted 'resource/fonts/inter-black.ttf' from workshop addon
Extracted 'resource/fonts/inter-blackitalic.ttf' from workshop addon
Extracted 'resource/fonts/inter-bold.ttf' from workshop addon
Extracted 'resource/fonts/inter-bolditalic.ttf' from workshop addon
Extracted 'resource/fonts/inter-extrabold.ttf' from workshop addon
Extracted 'resource/fonts/inter-extrabolditalic.ttf' from workshop addon
Extracted 'resource/fonts/inter-extralight.ttf' from workshop addon
Extracted 'resource/fonts/inter-extralightitalic.ttf' from workshop addon
Extracted 'resource/fonts/inter-light.ttf' from workshop addon
Extracted 'resource/fonts/inter-italic.ttf' from workshop addon
Extracted 'resource/fonts/inter-lightitalic.ttf' from workshop addon
Extracted 'resource/fonts/inter-mediumitalic.ttf' from workshop addon
Extracted 'resource/fonts/inter-medium.ttf' from workshop addon
Extracted 'resource/fonts/inter-semibolditalic.ttf' from workshop addon
Extracted 'resource/fonts/inter-regular.ttf' from workshop addon
Extracted 'resource/fonts/inter-semibold.ttf' from workshop addon
Extracted 'resource/fonts/inter-thinitalic.ttf' from workshop addon
Extracted 'resource/fonts/inter-thin.ttf' from workshop addon
Addon 'arme test 1' (3303759105) contains file from 1351711791: 'lua/effects/tfa_csgo_smokenade/init.lua'
Addon 'arme test 1' (3303759105) contains file from 1351711791: 'lua/entities/tfa_csgo_thrownflash/init.lua'
Addon 'arme test 1' (3303759105) contains file from 1351711791: 'lua/tfa/external/csgo_hooks.lua'
Addon 'arme test 1' (3303759105) contains file from 748182376: 'lua/weapons/pass_dea/shared.lua'
Addon 'arme test 1' (3303759105) contains file from 748182376: 'lua/weapons/pass_detectiv/shared.lua'
Addon 'arme test 1' (3303759105) contains file from 748182376: 'lua/weapons/pass_marshel/shared.lua'
Addon 'arme test 1' (3303759105) contains file from 748182376: 'lua/weapons/pass_usa/shared.lua'
Addon 'arme test 1' (3303759105) contains file from 748182376: 'lua/weapons/pass_fbi/shared.lua'
Addon 'arme test 1' (3303759105) contains file from 3272815642: 'lua/weapons/tfa_at_mk_18_cqbr.lua'
Addon 'arme test 1' (3303759105) contains file from 1351711791: 'lua/weapons/tfa_csgo_flash/shared.lua'
Addon 'arme test 1' (3303759105) contains file from 1351711791: 'lua/weapons/tfa_csgo_smoke/shared.lua'
Addon 'arme test 1' (3303759105) contains file from 3272815642: 'lua/weapons/tfa_devl_base/shared.lua'
Addon 'arme test 1' (3303759105) contains file from 3272815642: 'lua/weapons/tfa_eft_glock17.lua'
Addon 'arme test 1' (3303759105) contains file from 3272815642: 'lua/weapons/tfa_ins2_abakan.lua'
Addon 'arme test 1' (3303759105) contains file from 3272815642: 'lua/weapons/tfa_ins2_ak103.lua'
Addon 'arme test 1' (3303759105) contains file from 3272815642: 'lua/weapons/tfa_ins2_acr/shared.lua'
Addon 'arme test 1' (3303759105) contains file from 3272815642: 'lua/weapons/tfa_ins2_barrett_m98_bravo.lua'
Addon 'arme test 1' (3303759105) contains file from 3272815642: 'lua/weapons/tfa_ins2_cw_ar15.lua'
Addon 'arme test 1' (3303759105) contains file from 3272815642: 'lua/weapons/tfa_ins2_cz805.lua'
Addon 'arme test 1' (3303759105) contains file from 3272815642: 'lua/weapons/tfa_ins2_ak400.lua'
Addon 'arme test 1' (3303759105) contains file from 3272815642: 'lua/weapons/tfa_ins2_cz75.lua'
Addon 'arme test 1' (3303759105) contains file from 3272815642: 'lua/weapons/tfa_ins2_colt_m45.lua'
Addon 'arme test 1' (3303759105) contains file from 3272815642: 'lua/weapons/tfa_ins2_ddm4v5.lua'
Addon 'arme test 1' (3303759105) contains file from 3272815642: 'lua/weapons/tfa_ins2_fn.lua'
Addon 'arme test 1' (3303759105) contains file from 3272815642: 'lua/weapons/tfa_ins2_fnp45.lua'
Addon 'arme test 1' (3303759105) contains file from 3272815642: 'lua/weapons/tfa_ins2_deagle.lua'
Addon 'arme test 1' (3303759105) contains file from 3272815642: 'lua/weapons/tfa_ins2_fort500.lua'
Addon 'arme test 1' (3303759105) contains file from 3272815642: 'lua/weapons/tfa_ins2_f90mbr.lua'
Addon 'arme test 1' (3303759105) contains file from 3272815642: 'lua/weapons/tfa_ins2_fn_fal.lua'
Addon 'arme test 1' (3303759105) contains file from 3272815642: 'lua/weapons/tfa_ins2_galil/shared.lua'
Addon 'arme test 1' (3303759105) contains file from 3272815642: 'lua/weapons/tfa_ins2_glock_19/shared.lua'
Addon 'arme test 1' (3303759105) contains file from 3272815642: 'lua/weapons/tfa_ins2_g36c/shared.lua'
Addon 'arme test 1' (3303759105) contains file from 3272815642: 'lua/weapons/tfa_ins2_hk416.lua'
Addon 'arme test 1' (3303759105) contains file from 3272815642: 'lua/weapons/tfa_ins2_knw.lua'
Addon 'arme test 1' (3303759105) contains file from 3272815642: 'lua/weapons/tfa_ins2_m40a1/shared.lua'
Addon 'arme test 1' (3303759105) contains file from 3272815642: 'lua/weapons/tfa_ins2_krissv/shared.lua'
Addon 'arme test 1' (3303759105) contains file from 3272815642: 'lua/weapons/tfa_ins2_m500.lua'
Addon 'arme test 1' (3303759105) contains file from 3272815642: 'lua/weapons/tfa_ins2_m9.lua'
Addon 'arme test 1' (3303759105) contains file from 3272815642: 'lua/weapons/tfa_ins2_m590/shared.lua'
Addon 'arme test 1' (3303759105) contains file from 3272815642: 'lua/weapons/tfa_ins2_m4a1.lua'
Addon 'arme test 1' (3303759105) contains file from 3272815642: 'lua/weapons/tfa_ins2_mk18mod.lua'
Addon 'arme test 1' (3303759105) contains file from 3272815642: 'lua/weapons/tfa_ins2_mp7.lua'
Addon 'arme test 1' (3303759105) contains file from 3272815642: 'lua/weapons/tfa_ins2_mk23.lua'
Addon 'arme test 1' (3303759105) contains file from 3272815642: 'lua/weapons/tfa_ins2_mr96.lua'
Addon 'arme test 1' (3303759105) contains file from 3272815642: 'lua/weapons/tfa_ins2_mp5/shared.lua'
Addon 'arme test 1' (3303759105) contains file from 3272815642: 'lua/weapons/tfa_ins2_nova.lua'
Addon 'arme test 1' (3303759105) contains file from 3272815642: 'lua/weapons/tfa_ins2_p320_m18_teck/shared.lua'
Addon 'arme test 1' (3303759105) contains file from 3272815642: 'lua/weapons/tfa_ins2_remington_m870.lua'
Addon 'arme test 1' (3303759105) contains file from 3272815642: 'lua/weapons/tfa_ins2_remington_m24_sws.lua'
Addon 'arme test 1' (3303759105) contains file from 3272815642: 'lua/weapons/tfa_ins2_rfb/shared.lua'
Addon 'arme test 1' (3303759105) contains file from 3272815642: 'lua/weapons/tfa_ins2_scarl/shared.lua'
Addon 'arme test 1' (3303759105) contains file from 3272815642: 'lua/weapons/tfa_ins2_scar_h_ssr.lua'
Addon 'arme test 1' (3303759105) contains file from 3272815642: 'lua/weapons/tfa_ins2_sks.lua'
Addon 'arme test 1' (3303759105) contains file from 3272815642: 'lua/weapons/tfa_ins2_spas12/shared.lua'
Addon 'arme test 1' (3303759105) contains file from 3272815642: 'lua/weapons/tfa_ins2_thanez_cobra.lua'
Addon 'arme test 1' (3303759105) contains file from 3272815642: 'lua/weapons/tfa_ins2_sw659.lua'
Addon 'arme test 1' (3303759105) contains file from 3272815642: 'lua/weapons/tfa_ins2_toz_194m.lua'
Addon 'arme test 1' (3303759105) contains file from 3272815642: 'lua/weapons/tfa_ins2_ump45.lua'
Addon 'arme test 1' (3303759105) contains file from 3272815642: 'lua/weapons/tfa_ins2_usp_match.lua'
Addon 'arme test 1' (3303759105) contains file from 3272815642: 'lua/weapons/tfa_ins2_warface_awm.lua'
Addon 'arme test 1' (3303759105) contains file from 3272815642: 'lua/weapons/tfa_ins2_uzi/shared.lua'
Addon 'arme test 1' (3303759105) contains file from 3272815642: 'lua/weapons/tfa_ins2_warface_bt_mp9.lua'
Addon 'arme test 1' (3303759105) contains file from 3272815642: 'lua/weapons/tfa_ins2_walther_p99.lua'
Addon 'arme test 1' (3303759105) contains file from 3272815642: 'lua/weapons/tfa_inss_m82.lua'
Addon 'arme test 1' (3303759105) contains file from 3272815642: 'lua/weapons/tfa_ins_x21.lua'
Addon 'arme test 1' (3303759105) contains file from 3272815642: 'lua/weapons/tfa_smc_m110/shared.lua'
Addon 'arme test 1' (3303759105) contains file from 3272815642: 'lua/weapons/tfa_sndstrm_mr73.lua'
Changing gamemode to DarkRP (darkrp)
Network: IP 192.168.1.16, mode MP, dedicated Yes, ports 27016 SV / 27005 CL
Error loading cfg/trusted_keys_base.txt
Error loading cfg/pure_server_minimal.txt
BSP embedded file failed whitelist check - 'particles\particles_manifest.txt'
PREP OK
 
Zeros Libary loaded!
 

[Gmod Vehicle Bundle] lua/autorun/15mustanggt.lua:295: attempt to call global 'VC_MakeScripts' (a nil value)
  1. unknown - lua/autorun/15mustanggt.lua:295


      __          __              ____  
     /\ \        / /             |___ \ 
    /  \ \  /\  / /_ _ _ __ _ __   __) |
   / /\ \ \/  \/ / _` | '__| '_ \ |__ < 
  / ____ \  /\  / (_| | |  | | | |___) |
 /_/    \_\/  \/ \__,_|_|  |_| |_|____/
────────────────────────────────────────────
[AWarn3] Welcome to AWarn3!
[AWarn3] AWarn3 is loading...
[AWarn3] Loading Localization Module
[AWarn3] Loading Utilities Module
[AWarn3] Loading Options Module
[AWarn3] Options Loaded!
[AWarn3] Loading Punishments Module
[AWarn3] Punishments Loaded!
[AWarn3] Loading Presets Module
[AWarn3] Presets Loaded
[AWarn3] Loading Permissions Module
[AWarn3] Loading Blacklists Module
[AWarn3] Loading SQL Module
[AWarn3] Loading ConCommands Module
[AWarn3] Loading Chat Commands Module
[AWarn3] Loading Discord Module
[AWarn3] Loading AWarn2 Import Module
Particles: Missing 'particles/grub_blood.pcf'
Particles: Missing 'particles/antlion_gib_02.pcf'
Particles: Missing 'particles/antlion_worker.pcf'
-------------------------------------------------------------------------------
          ATM by Crap-Head | Initializing server files.
-------------------------------------------------------------------------------
ATM by Crap-Head | Loaded file ch_atm_config.lua
ATM by Crap-Head | Loaded file ch_atm_config_lang.lua
ATM by Crap-Head | Loaded file ch_atm_config_upgrades.lua
ATM by Crap-Head | Loaded file ch_atm_darkrpadds.lua
ATM by Crap-Head | Loaded file ch_atm_dev.lua
ATM by Crap-Head | Loaded file ch_atm_meta.lua
ATM by Crap-Head | Loaded file ch_atm_utils.lua
ATM by Crap-Head | Loaded file basewars.lua
ATM by Crap-Head | Loaded file bricks_credit_store.lua
ATM by Crap-Head | Loaded file darkrp.lua
ATM by Crap-Head | Loaded file helix.lua
ATM by Crap-Head | Loaded file mtokens.lua
ATM by Crap-Head | Loaded file pointshop2.lua
ATM by Crap-Head | Loaded file pointshop2_premium.lua
ATM by Crap-Head | Loaded file santosrp.lua
ATM by Crap-Head | Loaded file sh_pointshop.lua
ATM by Crap-Head | Loaded file sh_pointshop_premium.lua
ATM by Crap-Head | Loaded file underdone.lua
ATM by Crap-Head | Loaded file ch_atm_accounts.lua
ATM by Crap-Head | Loaded file ch_atm_accounts_functions.lua
ATM by Crap-Head | Loaded file ch_atm_accounts_network.lua
ATM by Crap-Head | Loaded file ch_atm_admin.lua
ATM by Crap-Head | Loaded file ch_atm_automatic_setup.lua
ATM by Crap-Head | Loaded file ch_atm_color_funcs.lua
ATM by Crap-Head | Loaded file ch_atm_entities.lua
ATM by Crap-Head | Loaded file ch_atm_hacking.lua
ATM by Crap-Head | Loaded file ch_atm_interest.lua
ATM by Crap-Head | Loaded file ch_atm_leaderboard.lua
ATM by Crap-Head | Loaded file ch_atm_server.lua
ATM by Crap-Head | Loaded file ch_atm_setup.lua
ATM by Crap-Head | Loaded file ch_atm_transactions.lua
ATM by Crap-Head | Loaded file ch_atm_upgrades.lua
ATM by Crap-Head | Loaded file ch_atm_utils.lua
[CH ATM SQLite] ch_atm_accounts table validated!
[CH ATM SQLite] ch_atm_transactions table validated!
ATM by Crap-Head | Loaded file ch_atm_sql_functions.lua
ATM by Crap-Head | Loaded file ch_atm_integration_bankrobbery2.lua
ATM by Crap-Head | Loaded file ch_atm_integration_convert.lua
ATM by Crap-Head | Loaded file ch_atm_integration_overwrite_paycheck.lua
ATM by Crap-Head | Loaded file ch_atm_integration_printers_withdraw.lua
ATM by Crap-Head | Loaded file ch_atm_integration_pvault.lua
ATM by Crap-Head | Loaded file ch_atm_accounts_network.lua
ATM by Crap-Head | Loaded file ch_atm_admin.lua
ATM by Crap-Head | Loaded file ch_atm_admin_ui.lua
ATM by Crap-Head | Loaded file ch_atm_client_settings.lua
ATM by Crap-Head | Loaded file ch_atm_colors_materials.lua
ATM by Crap-Head | Loaded file ch_atm_fonts.lua
ATM by Crap-Head | Loaded file ch_atm_hacking.lua
ATM by Crap-Head | Loaded file ch_atm_imgui.lua
ATM by Crap-Head | Loaded file ch_atm_keypad_input.lua
ATM by Crap-Head | Loaded file ch_atm_leaderboard.lua
-----------------------------------------------------------------------------
          ATM by Crap-Head | Server files initialized
-----------------------------------------------------------------------------
[BES] english language loaded
[BRICKSWABESNTEDSYS] SHARED bes_shared.lua loaded
[BES] CLIENT bes_client.lua loaded
[BES] SERVER bes_server.lua loaded
[DWRV3] Shared loaded.
[Photon][sv][Warning] Component Whelen 600 Mounted is deprecated and may be removed in a future version.
[Photon][sv][Warning] This component is replaced with the 'Whelen 400 Mounted' for ELS and the 'Whelen 400 Mounted Illumination'
[Photon][sv][Warning] Component Whelen Ion Interior Split is deprecated and may be removed in a future version.
[Photon][sv][Warning] Use the 'Whelen Ion Split' with phase 'Interior'
Particles: Missing 'particles/striderbuster.pcf'
Loaded file : 	kvs/shared/config/vgui.lua
Loaded file : 	kvs/shared/core/command.lua
Loaded file : 	kvs/shared/core/config.lua
Loaded file : 	kvs/shared/core/toast.lua
Loaded file : 	kvs/shared/core/util.lua
Loaded file : 	kvs/client/core/draw.lua
Loaded file : 	kvs/client/core/fonts.lua
Loaded file : 	kvs/client/core/map.lua
Loaded file : 	kvs/client/core/surface.lua
Loaded file : 	kvs/client/core/util.lua
Loaded file : 	kvs/client/core/vgui.lua
Loaded file : 	kvs/client/skins/advancedspawnmenu.lua
Loaded file : 	kvs/client/vgui/_input.lua
Loaded file : 	kvs/client/vgui/avatar.lua
Loaded file : 	kvs/client/vgui/button.lua
Loaded file : 	kvs/client/vgui/button_icon.lua
Loaded file : 	kvs/client/vgui/buttons_wheel.lua
Loaded file : 	kvs/client/vgui/checkbox.lua
Loaded file : 	kvs/client/vgui/collapsiblecategory.lua
Loaded file : 	kvs/client/vgui/colorpicker.lua
Loaded file : 	kvs/client/vgui/colorwheel.lua
Loaded file : 	kvs/client/vgui/combobox.lua
Loaded file : 	kvs/client/vgui/combobox_menu.lua
Loaded file : 	kvs/client/vgui/frame.lua
Loaded file : 	kvs/client/vgui/input.lua
Loaded file : 	kvs/client/vgui/inputcolor.lua
Loaded file : 	kvs/client/vgui/numslider.lua
Loaded file : 	kvs/client/vgui/panel.lua
Loaded file : 	kvs/client/vgui/popup.lua
Loaded file : 	kvs/client/vgui/scrollpanel.lua
Loaded file : 	kvs/client/vgui/tabs.lua
Loaded file : 	kvs/client/vgui/textentry.lua
Loaded file : 	kvs/client/vgui/toast.lua
Loaded file : 	kvs/client/vgui/tooltip.lua
[MSD] Initialization started
[MSD] Initialization started
[MSD] de.lua language found
[MSD] en.lua language found
[MSD] es.lua language found
[MSD] fr.lua language found
[MSD] nl.lua language found
[MSD] ru.lua language found
[MSD] tr.lua language found
[MSD] Initialization done
(SAM) Loading...
(SAM) Loaded!
(SCB) Loading...
(SCB) Loaded!
ADC - mysqloo NOT FOUND !
ADC - Database has connected (LOCALHOST) !!
loading sh_config.lua
loading sh_lang.lua
loading sh_functions.lua
-----------------------------------------
	Advanced Spawnmenu :
	LOADING FILES
-----------------------------------------
-----------------------------------------
	Advanced Spawnmenu :
	FILES LOADED
-----------------------------------------
loading sh_config.lua
loading sh_functions.lua
loading sv_functions.lua
loading sv_hooks.lua
loading sv_net.lua
loading cl_3dframe.lua
loading cl_functions.lua
loading cl_hooks.lua
loading cl_net.lua
UnionCity: South Side Loaded...
[Talk Modes] Loading Talk Modes - version 1.1.1
.[Talk Modes] Loaded file: talk_modes/config/sv_config.lua (server)
.[Talk Modes] Loaded file: talk_modes/config/sh_config.lua (shared)
.[Talk Modes] Loaded file: talk_modes/language/sh_languages.lua (shared)
.[Talk Modes] Loaded file: talk_modes/language/sh_english.lua (shared)
.[Talk Modes] Loaded file: talk_modes/language/sh_french.lua (shared)
.[Talk Modes] Loaded file: talk_modes/language/sh_german.lua (shared)
.[Talk Modes] Loaded file: talk_modes/language/sh_languages.lua (shared)
.[Talk Modes] Loaded file: talk_modes/language/sh_polish.lua (shared)
.[Talk Modes] Loaded file: talk_modes/language/sh_russian.lua (shared)
.[Talk Modes] Loaded file: talk_modes/language/sh_spanish.lua (shared)
.[Talk Modes] Loaded file: talk_modes/language/sh_turkish.lua (shared)
.[Talk Modes] Loaded file: talk_modes/core/sh_core.lua (shared)
.[Talk Modes] Loaded file: talk_modes/core/sv_core.lua (server)
.[Talk Modes] Loaded file: talk_modes/networking/sv_net.lua (server)
.[Talk Modes] Loaded Talk Modes - version 1.1.1
.
----------------------------------------------------------------------------
VCMod: Welcome to VCMod Auto-Updater version 9.65.
----------------------------------------------------------------------------

VCMod: Pre-initialization complete, preparing to load addon data.
VCMod: Addons found: VCMod ELS, VCMod Handling Editor, VCMod Main.
VCMod: Handling editor does not work on Multiplayer, stopping.
[Xenin Framework - CL] Loaded xeninui/libs/animations
[Xenin Framework - CL] Loaded xeninui/libs/debug
[Xenin Framework - CL] Loaded xeninui/libs/essentials
[Xenin Framework - SH] Loaded xeninui/libs/essentials_sh
[Xenin Framework - CL] Loaded xeninui/libs/icon_dl
[Xenin Framework - SH] Loaded xeninui/libs/permissions
[Xenin Framework - SH] Loaded xeninui/libs/promises
[Xenin Framework - CL] Loaded xeninui/libs/shadows
[Xenin Framework - CL] Loaded xeninui/libs/time
[Xenin Framework - SH] Loaded xeninui/libs/v0n_sh
[Xenin Framework - CL] Loaded xeninui/libs/wyvern
[Xenin Framework - SH] Loaded xeninui/libs/network/core
[Xenin Framework - SV] Loaded xeninui/server/orm/table_constraint
[Xenin Framework - SV] Loaded xeninui/server/database
[Xenin Framework - SV] Loaded xeninui/server/notification
[Xenin Framework - SV] Loaded xeninui/server/database/wrapper
[Xenin Framework - SV] Loaded xeninui/server/migrations/200225_xenin_framework
[Xenin Framework - SV] Loaded xeninui/server/orm/orm
[Xenin Framework - SV] Loaded xeninui/server/orm/query_builder
[Xenin Framework - SV] Loaded xeninui/server/orm/table
[Xenin Framework - SV] Loaded xeninui/server/orm/table_column
[Xenin Framework - SV] Loaded xeninui/server/orm/drivers/driver
[Xenin Framework - SV] Loaded xeninui/server/orm/drivers/mysql
[Xenin Framework - SV] Loaded xeninui/server/orm/drivers/sqlite
[Xenin Framework - SH] Loaded xeninui/libs/languages/core
[Xenin Framework - CL] Loaded xeninui/libs/languages/network/client
[Xenin Framework - SV] Loaded xeninui/libs/languages/network/server
[Xenin Framework - SH] Loaded xeninui/libs/scripts/main
[Xenin Framework - CL] Loaded xeninui/libs/scripts/network/client
[Xenin Framework - SV] Loaded xeninui/libs/scripts/network/server
[Xenin Framework - SH] Loaded xeninui/libs/configurator/main
[Xenin Framework - SH] Loaded xeninui/libs/configurator/classes/cache
[Xenin Framework - SH] Loaded xeninui/libs/configurator/classes/controller
[Xenin Framework - SV] Loaded xeninui/libs/configurator/classes/database
[Xenin Framework - SH] Loaded xeninui/libs/configurator/classes/entities
[Xenin Framework - SH] Loaded xeninui/libs/configurator/classes/entity
[Xenin Framework - CL] Loaded xeninui/libs/configurator/network/client
[Xenin Framework - SV] Loaded xeninui/libs/configurator/network/server
[Xenin Framework - CL] Loaded xeninui/libs/configurator/ui/frame
[Xenin Framework - CL] Loaded xeninui/libs/configurator/ui/inputs
[Xenin Framework - CL] Loaded xeninui/libs/configurator/ui/search_bar
[Xenin Framework - CL] Loaded xeninui/libs/configurator/ui/settings
[Xenin Framework - CL] Loaded xeninui/libs/configurator/ui/sidebar
[Xenin Framework - CL] Loaded xeninui/libs/configurator/ui/top
[Xenin Framework - CL] Loaded xeninui/libs/configurator/ui/entities/entity
[Xenin Framework - CL] Loaded xeninui/libs/configurator/ui/entities/entity_grid
[Xenin Framework - CL] Loaded xeninui/libs/configurator/ui/entities/entity_list
[Xenin Framework - CL] Loaded xeninui/libs/configurator/ui/entities/entity_list_row
[Xenin Framework - CL] Loaded xeninui/libs/configurator/ui/entities/row
[Xenin Framework - CL] Loaded xeninui/libs/configurator/ui/entities/row_settings
[Xenin Framework - CL] Loaded xeninui/libs/configurator/ui/entities/settings_base
[Xenin Framework - CL] Loaded xeninui/libs/configurator/ui/inputs/blank
[Xenin Framework - CL] Loaded xeninui/libs/configurator/ui/inputs/checkbox
[Xenin Framework - CL] Loaded xeninui/libs/configurator/ui/inputs/color
[Xenin Framework - CL] Loaded xeninui/libs/configurator/ui/inputs/key
[Xenin Framework - CL] Loaded xeninui/libs/configurator/ui/inputs/keyvalue
[Xenin Framework - CL] Loaded xeninui/libs/configurator/ui/inputs/popup
[Xenin Framework - CL] Loaded xeninui/libs/configurator/ui/inputs/range
[Xenin Framework - CL] Loaded xeninui/libs/configurator/ui/inputs/selectbox
[Xenin Framework - CL] Loaded xeninui/libs/configurator/ui/inputs/sliderpad
[Xenin Framework - CL] Loaded xeninui/libs/configurator/ui/inputs/textentry
[Xenin Framework - CL] Loaded xeninui/libs/configurator/ui/inputs/textentrylist
[Xenin Framework - CL] Loaded xeninui/libs/configurator/ui/inputs/textentrywithlabel
[Xenin Framework - CL] Loaded xeninui/libs/configurator/ui/inputs/toggle
[Xenin Framework - SH] Loaded xeninui/libs/config/class
[Xenin Framework] Using SQLite connection
[Xenin Framework - CL] Loaded xeninui/libs/config/network/client
[Xenin Framework - SV] Loaded xeninui/libs/config/network/server
hi
[Xenin Framework - SH] Loaded xeninui/libs/players/controller
[Xenin Framework - SV] Loaded xeninui/libs/players/database
[Xenin Framework - SH] Loaded xeninui/libs/players/notification
[Xenin Framework - CL] Loaded xeninui/libs/players/ui/frame
[Xenin Framework - CL] Loaded xeninui/libs/players/ui/notifications/hud
[Xenin Framework - CL] Loaded xeninui/libs/players/ui/notifications/main
[Xenin Framework - CL] Loaded xeninui/libs/players/ui/notifications/row
[Xenin Framework - CL] Loaded xeninui/libs/players/network/client
[Xenin Framework - SV] Loaded xeninui/libs/players/network/server
[Xenin Framework - SH] Loaded xeninui/libs/players/network/shared
[Xenin Framework - CL] Loaded xeninui/elements/animated_texture
[Xenin Framework - CL] Loaded xeninui/elements/avatar
[Xenin Framework - CL] Loaded xeninui/elements/breadcrumbs
[Xenin Framework - CL] Loaded xeninui/elements/button
[Xenin Framework - CL] Loaded xeninui/elements/button_v2
[Xenin Framework - CL] Loaded xeninui/elements/category
[Xenin Framework - CL] Loaded xeninui/elements/checkbox
[Xenin Framework - CL] Loaded xeninui/elements/checkbox_slider
[Xenin Framework - CL] Loaded xeninui/elements/checkbox_v2
[Xenin Framework - CL] Loaded xeninui/elements/colormixer
[Xenin Framework - CL] Loaded xeninui/elements/colorpicker
[Xenin Framework - CL] Loaded xeninui/elements/combobox
[Xenin Framework - CL] Loaded xeninui/elements/dropdown_player
[Xenin Framework - CL] Loaded xeninui/elements/dropdown_popup
[Xenin Framework - CL] Loaded xeninui/elements/frame
[Xenin Framework - CL] Loaded xeninui/elements/navbar
[Xenin Framework - CL] Loaded xeninui/elements/notifications
[Xenin Framework - CL] Loaded xeninui/elements/options
[Xenin Framework - CL] Loaded xeninui/elements/panel
[Xenin Framework - CL] Loaded xeninui/elements/popup
[Xenin Framework - CL] Loaded xeninui/elements/purchase_confirmation
[Xenin Framework - CL] Loaded xeninui/elements/query
[Xenin Framework - CL] Loaded xeninui/elements/query_single_button
[Xenin Framework - CL] Loaded xeninui/elements/scrollpanel
[Xenin Framework - CL] Loaded xeninui/elements/sidebar
[Xenin Framework - CL] Loaded xeninui/elements/sidebar_animated
[Xenin Framework - CL] Loaded xeninui/elements/sidebar_player
[Xenin Framework - CL] Loaded xeninui/elements/sidebar_v2
[Xenin Framework - CL] Loaded xeninui/elements/slider
[Xenin Framework - CL] Loaded xeninui/elements/slider_pad
[Xenin Framework - CL] Loaded xeninui/elements/textentry
[Xenin Framework - CL] Loaded xeninui/elements/tooltip
[Xenin Framework - CL] Loaded xeninui/elements/wyvern_scrollbar
[Xenin Framework - CL] Loaded xeninui/elements/wyvern_scrollpanel
[Xenin Framework - CL] Loaded xeninui/core/ui/main
[Xenin Framework - CL] Loaded xeninui/core/ui/tab
[Xenin Framework - SH] Loaded xeninui/libs/units/main
[Xenin Framework - SH] Loaded xeninui/libs/units/classes/assert
[Xenin Framework - SH] Loaded xeninui/libs/units/classes/result
[Xenin Framework - SH] Loaded xeninui/libs/units/classes/spec
[Xenin Framework - SH] Loaded xeninui/libs/units/classes/test
[Xenin Framework] Finished loading 118 files in 1.3746s
[Xenin F4 Menu - SH] Loaded xenin_f4/core/config_wrapper
[Xenin F4 Menu - SH] Loaded xenin_f4/configuration/commands
[Xenin F4 Menu - SH] Loaded xenin_f4/configuration/config
[Xenin F4 Menu - SV] Loaded xenin_f4/core/validation
[Xenin F4 Menu - SH] Loaded xenin_f4/core/levels
[Xenin F4 Menu - SH] Loaded xenin_f4/core/item_limit
[Xenin F4 Menu - CL] Loaded xenin_f4/core/checkboxes
[Xenin F4 Menu - CL] Loaded xenin_f4/core/darkrp
[Xenin F4 Menu - CL] Loaded xenin_f4/core/favourites
[Xenin F4 Menu - SH] Loaded xenin_f4/levels/elite
[Xenin F4 Menu - SH] Loaded xenin_f4/levels/vrondakis
[Xenin F4 Menu - CL] Loaded xenin_f4/data/network_client
[Xenin F4 Menu - SV] Loaded xenin_f4/data/database
[Xenin F4 Menu - SV] Loaded xenin_f4/data/network_server
[Xenin F4 Menu - CL] Loaded xenin_f4/ui/dashboard/main
[Xenin F4 Menu - CL] Loaded xenin_f4/ui/dashboard/navbar
[Xenin F4 Menu - CL] Loaded xenin_f4/ui/dashboard/staff
[Xenin F4 Menu - CL] Loaded xenin_f4/ui/dashboard/stats_general
[Xenin F4 Menu - CL] Loaded xenin_f4/ui/dashboard/stats_graph
[Xenin F4 Menu - CL] Loaded xenin_f4/ui/frame/commands
[Xenin F4 Menu - CL] Loaded xenin_f4/ui/frame/main
[Xenin F4 Menu - CL] Loaded xenin_f4/ui/frame/player
[Xenin F4 Menu - CL] Loaded xenin_f4/ui/items/ammo
[Xenin F4 Menu - CL] Loaded xenin_f4/ui/items/entities
[Xenin F4 Menu - CL] Loaded xenin_f4/ui/items/food
[Xenin F4 Menu - CL] Loaded xenin_f4/ui/items/shipments
[Xenin F4 Menu - CL] Loaded xenin_f4/ui/items/vehicles
[Xenin F4 Menu - CL] Loaded xenin_f4/ui/items/weapons
[Xenin F4 Menu - CL] Loaded xenin_f4/ui/items/base/base
[Xenin F4 Menu - CL] Loaded xenin_f4/ui/items/base/main
[Xenin F4 Menu - CL] Loaded xenin_f4/ui/items/base/row
[Xenin F4 Menu - CL] Loaded xenin_f4/ui/jobs/main
[Xenin F4 Menu - CL] Loaded xenin_f4/ui/jobs/row
[Xenin F4 Menu - CL] Loaded xenin_f4/ui/jobs/slideout
[Xenin F4 Menu - CL] Loaded xenin_f4/ui/jobs/slideout_desc
[Xenin F4 Menu - CL] Loaded xenin_f4/ui/jobs/slideout_ranks
[Xenin F4 Menu - CL] Loaded xenin_f4/ui/jobs/slideout_weapons
[Xenin F4 Menu - CL] Loaded xenin_f4/ui/misc/commands
[Xenin F4 Menu - CL] Loaded xenin_f4/ui/misc/html
[Xenin F4 Menu - CL] Loaded xenin_f4/ui/misc/url
[Xenin F4 Menu - CL] Loaded xenin_f4/ui/rules/main
[Xenin F4 Menu - CL] Loaded xenin_f4/ui/rules/sidebar
[Xenin F4 Menu] Finished loading 42 files in 0.4971s
[DWRV3] Server loaded.
[DWRV3] Loaded the blacklist file.

[gmodadminsuite-jobwhitelist-1.3.4] addons/gmodadminsuite-jobwhitelist-1.3.4/lua/autorun/server/gas_jobwhitelist_darkrp_load.lua:17: attempt to index global 'GAS' (a nil value)
  1. unknown - addons/gmodadminsuite-jobwhitelist-1.3.4/lua/autorun/server/gas_jobwhitelist_darkrp_load.lua:17


[/LSAC/] Initializing...
[/LSAC/] // Loading: lsac/deps/messagepack.lua
[/LSAC/] // Loading: lsac/deps/netstream.lua
[/LSAC/] // Loading: P lsac/main.lua
addons/lsac/lua/lsac/main.lua.linux32.protected.raw

		██╗░░░░░███████╗██╗░░░██╗░██████╗  ░██████╗███████╗██████╗░██╗░░░██╗███████╗██████╗░░██████╗██╗██████╗░███████╗
		██║░░░░░██╔════╝╚██╗░██╔╝██╔════╝  ██╔════╝██╔════╝██╔══██╗██║░░░██║██╔════╝██╔══██╗██╔════╝██║██╔══██╗██╔════╝
		██║░░░░░█████╗░░░╚████╔╝░╚█████╗░  ╚█████╗░█████╗░░██████╔╝╚██╗░██╔╝█████╗░░██████╔╝╚█████╗░██║██║░░██║█████╗░░
		██║░░░░░██╔══╝░░░░╚██╔╝░░░╚═══██╗  ░╚═══██╗██╔══╝░░██╔══██╗░╚████╔╝░██╔══╝░░██╔══██╗░╚═══██╗██║██║░░██║██╔══╝░░
		███████╗███████╗░░░██║░░░██████╔╝  ██████╔╝███████╗██║░░██║░░╚██╔╝░░███████╗██║░░██║██████╔╝██║██████╔╝███████╗
		╚══════╝╚══════╝░░░╚═╝░░░╚═════╝░  ╚═════╝░╚══════╝╚═╝░░╚═╝░░░╚═╝░░░╚══════╝╚═╝░░╚═╝╚═════╝░╚═╝╚═════╝░╚══════╝

	
		
		░█████╗░███╗░░██╗████████╗██╗░█████╗░██╗░░██╗███████╗░█████╗░████████╗
		██╔══██╗████╗░██║╚══██╔══╝██║██╔══██╗██║░░██║██╔════╝██╔══██╗╚══██╔══╝
		███████║██╔██╗██║░░░██║░░░██║██║░░╚═╝███████║█████╗░░███████║░░░██║░░░
		██╔══██║██║╚████║░░░██║░░░██║██║░░██╗██╔══██║██╔══╝░░██╔══██║░░░██║░░░
		██║░░██║██║░╚███║░░░██║░░░██║╚█████╔╝██║░░██║███████╗██║░░██║░░░██║░░░
		╚═╝░░╚═╝╚═╝░░╚══╝░░░╚═╝░░░╚═╝░╚════╝░╚═╝░░╚═╝╚══════╝╚═╝░░╚═╝░░░╚═╝░░░

																						   ==== LSAC https://www.gmodstore.com/market/view/7648 | https://github.com/Leystryku/lsac
[/LSAC/] Initialization Done - Leys Serverside AntiCheat activated!
XEON DRM is waiting for your server to get an IP address...
KeyValues Error: RecursiveLoadFromBuffer:  got NULL key in file materials/models/gxp/shared/faces_hl2/naomi_facemap4.vmt
VertexLitGeneric, 
KeyValues Error: RecursiveLoadFromBuffer:  got NULL key in file materials/models/gxp/shared/faces_hl2/naomi_facemap4.vmt
VertexLitGeneric, 
Warning in .VMT file (models/gxp/shared/faces_hl2/naomi_facemap4): no ']' or '}' found in vector key " ".
Did you forget to surround the vector with "s?
Error! Variable "
	" is multiply defined in material "models/gxp/shared/faces_hl2/naomi_facemap4"!
Error! Variable " " is multiply defined in material "models/gxp/shared/faces_hl2/naomi_facemap4"!
Error! Variable "
	" is multiply defined in material "models/gxp/shared/faces_hl2/naomi_facemap4"!
Error! Variable " " is multiply defined in material "models/gxp/shared/faces_hl2/naomi_facemap4"!
Error! Variable " " is multiply defined in material "models/gxp/shared/faces_hl2/naomi_facemap4"!
Error! Variable " " is multiply defined in material "models/gxp/shared/faces_hl2/naomi_facemap4"!
Error! Variable "
	" is multiply defined in material "models/gxp/shared/faces_hl2/naomi_facemap4"!
Error! Variable " " is multiply defined in material "models/gxp/shared/faces_hl2/naomi_facemap4"!
Error! Variable "
	" is multiply defined in material "models/gxp/shared/faces_hl2/naomi_facemap4"!
KeyValues Error: RecursiveLoadFromBuffer:  got NULL key in file materials/models/gxp/shared/faces_hl2/erdim_facemap4.vmt
VertexLitGeneric, 
KeyValues Error: RecursiveLoadFromBuffer:  got NULL key in file materials/models/gxp/shared/faces_hl2/erdim_facemap4.vmt
VertexLitGeneric, 
Error! Variable " " is multiply defined in material "models/gxp/shared/faces_hl2/erdim_facemap4"!
Error! Variable "
	" is multiply defined in material "models/gxp/shared/faces_hl2/erdim_facemap4"!
Error! Variable " " is multiply defined in material "models/gxp/shared/faces_hl2/erdim_facemap4"!
Warning in .VMT file (models/gxp/shared/faces_hl2/erdim_facemap4): no ']' or '}' found in vector key "	".
Did you forget to surround the vector with "s?
Error! Variable "
	" is multiply defined in material "models/gxp/shared/faces_hl2/erdim_facemap4"!
Error! Variable " " is multiply defined in material "models/gxp/shared/faces_hl2/erdim_facemap4"!
Error! Variable "
	" is multiply defined in material "models/gxp/shared/faces_hl2/erdim_facemap4"!
Particles: Missing 'particles/hunter_flechette.pcf'
Particles: Missing 'particles/hunter_projectile.pcf'
[McPhone] Инициализация...
[McPhone] Найден языковый файл:en.lua
[McPhone] Найден языковый файл:ru.lua
[McPhone] camera.lua добавлен
[McPhone] contacts.lua добавлен
[McPhone] gps.lua добавлен
[McPhone] mail.lua добавлен
[McPhone] settings.lua добавлен
[McPhone] sms.lua добавлен
[McPhone] Загрузка завершена
[MRS] Initialization started
[MRS] Initialization started
[MRS] Initialization done
[Photon][sv][Warning] models/lonewolfie/intlightbarmedium.mdl is missing!
[Photon][sv][Warning] models/lonewolfie/lightholder_doublev3.mdl is missing!
[Photon][sv][Warning] models/lonewolfie/lightholder_doublev3.mdl is missing!
[Photon][sv][Warning] models/lonewolfie/lightholder_doublev3.mdl is missing!
[Photon][sv][Warning] models/lonewolfie/arrow_mount.mdl is missing!
[Photon][sv][Warning] models/lonewolfie/lightholder_doublev3.mdl is missing!
[Photon][sv][Warning] models/lonewolfie/lightholder_doublev3.mdl is missing!
[Photon][sv][Warning] models/lonewolfie/lightbar.mdl is missing!
[Photon][sv][Warning] models/lonewolfie/intlightbarmedium.mdl is missing!
[Photon][sv][Warning] models/lonewolfie/intlightbarmedium.mdl is missing!
[Photon][sv][Warning] models/lonewolfie/whelenavenger_double.mdl is missing!
[Photon][sv][Warning] models/lonewolfie/bullbar.mdl is missing!
[Photon][sv][Warning] models/lonewolfie/lightholder_doublev3.mdl is missing!
Error! Variable "$basetexture" is multiply defined in material "models/supermighty/photon/valor/val_glass"!
[Photon][sv][Warning] models/lonewolfie/intlightbarmedium.mdl is missing!
[Photon][sv][Warning] models/SuperMighty/props_v2/whelen_400_series_body.mdl is missing!
[Photon][sv][Warning] models/lonewolfie/lightbar.mdl is missing!
[Photon][sv][Warning] models/lonewolfie/lightholder_doublev3.mdl is missing!
[Photon][sv][Warning] models/lonewolfie/arrowboardmed.mdl is missing!
[Photon][sv][Warning] models/lonewolfie/intlightbarmedium.mdl is missing!
[Photon][sv][Warning] models/lonewolfie/lightholder_doublev3.mdl is missing!
[Photon][sv][Warning] models/lonewolfie/lightholder_doublev3.mdl is missing!
[Photon][sv][Warning] models/lonewolfie/intlightbarmedium.mdl is missing!
[Photon][sv][Warning] models/lonewolfie/intlightbarmedium.mdl is missing!
[Photon][sv][Warning] models/lonewolfie/lightbar.mdl is missing!
[Photon][sv][Warning] models/lonewolfie/intlightbarmedium.mdl is missing!
Initialized The Prone Mod, by Stalker and Stiffy360
[elegant_printers] Loaded server
[MRS] SQLite: Initializing...
Making workshop gamemode available for client download
Making workshop map available for client download
Unknown command "sv_tags"
Using map cycle file cfg/mapcycle.txt.
Attempted to create unknown entity type info_ladder!
Attempted to create unknown entity type info_ladder!
Attempted to create unknown entity type info_ladder!
Attempted to create unknown entity type info_ladder!
Attempted to create unknown entity type info_ladder!
Attempted to create unknown entity type info_ladder!
Attempted to create unknown entity type info_ladder!
Attempted to create unknown entity type info_ladder!
Attempted to create unknown entity type info_ladder!
Attempted to create unknown entity type info_ladder!
Attempted to create unknown entity type info_ladder!
Attempted to create unknown entity type info_ladder!
Attempted to create unknown entity type info_ladder!
Attempted to create unknown entity type info_ladder!
Attempted to create unknown entity type info_ladder!
Attempted to create unknown entity type info_ladder!
Attempted to create unknown entity type info_ladder!
Attempted to create unknown entity type info_ladder!
Attempted to create unknown entity type info_ladder!
Attempted to create unknown entity type info_ladder!
Attempted to create unknown entity type info_ladder!
Attempted to create unknown entity type info_ladder!
Attempted to create unknown entity type info_ladder!
Attempted to create unknown entity type info_ladder!
Attempted to create unknown entity type info_ladder!
[TFA Base] You are running the base on DarkRP or DarkRP-derived gamemode. We can't guarantee that it will work correctly with any possible addons the server might have installed (especially the paid ones), so we don't provide support for RP gamemodes/servers. If you've encountered a conflict error with another addon, it's most likely that addon's fault. DO NOT CONTACT US ABOUT THAT!
[TFA Base] Weapon tfa_csgo_base (lua/weapons/tfa_csgo_base/shared.lua) is overriding SWEP:Think() function without calling baseclass!
Failed to load .nav file: Cannot access!
VCMod: Preparations started. Server needs to have atleast one player on it for preparations to continue.
[AWarn3] Successfully connected to the database!
[AWarn3] Warning Table Exists
[AWarn3] Player Table Exists
[AWarn3] Console Player Exists
[AWarn3] Player Notes Table Exists
(SAM) Connecting to database...
(SAM) Connected to database and loaded data successfully.
Zeros Methlab 2 - Loaded

[ Y88b   d88P 8888888888 .d88888b.  888b    888 ]
[  Y88b d88P  888       d88P" "Y88b 8888b   888 ]
[   Y88o88P   888       888     888 88888b  888 ]
[    Y888P    8888888   888     888 888Y88b 888 ]
[    d888b    888       888     888 888 Y88b888 ]
[   d88888b   888       888     888 888  Y88888 ]
[  d88P Y88b  888       Y88b. .d88P 888   Y8888 ]
[ d88P   Y88b 8888888888 "Y88888P"  888    Y888 ]

DRM (digital rights management) for Billy's scripts

"Crashes and overflows may break my bones; But pcalls will never harm me." - John Lua

Support
https://support.billy.enterprises

Server Status
https://xeon.network

Server/Licenses Panel
https://xeon.network/servers

XEON | Hello, world!
XEON | Module Version: 1.3.2
XEON | Protocol Version: 1.1.0
XEON | Server IP: 90.46.96.32:27016
XEON | Starting task scheduler...
XEON | Ready!
[/LSAC/] Loading non prioritized files now
[Zero´s Methlab 2] -> No map data found for NPC / DropOffPoints Entities. Please place some and type !zmlab2_save in chat to create the data.
[/LSAC/] !!!ERROR!!!
[LSAC ERR INFO]
unable to find GModDataPack::SendFileToClient

 ==trace stack traceback:
	addons/lsac/lua/autorun/server/sv_lsac.lua:19: in function 'error'
	addons/lsac/lua/autorun/server/sv_lsac.lua:19: in function 'require'
	[string "loaded bytecode"]: in function <[string "loaded bytecode"]:0>
 ==end trace

[LSAC ERR INFO/]
[AWarn3] Registering Admin Mod Access Permissions
[Xenin Configurator] Initialising database instance
VCMod: Preparations are complete, handshaking API.

[Xenin - The Xenin Framework] lua/xeninui/libs/players/controller.lua:8: attempt to index local 'db' (a nil value)
  1. onPlayerInitialSpawn - lua/xeninui/libs/players/controller.lua:8
   2. unknown - lua/xeninui/libs/players/controller.lua:85
    3. unknown - lua/includes/modules/hook.lua:313
     4. CreateNextBot - [C]:-1
      5. CreateBot - [string "loaded bytecode"]:0
       6. Think - [string "loaded bytecode"]:0
        7. unknown - [string "loaded bytecode"]:0
         8. unknown - [string "loaded bytecode"]:0
          9. unknown - [string "loaded bytecode"]:0
           10. unknown - lua/includes/modules/hook.lua:313


[Srlion's Hook Library] gamemodes/darkrp/gamemode/modules/base/sv_gamemode_functions.lua:741: attempt to index local 'jobTable' (a nil value)
  1. unknown - gamemodes/darkrp/gamemode/modules/base/sv_gamemode_functions.lua:741
   2. CreateNextBot - [C]:-1
    3. CreateBot - [string "loaded bytecode"]:0
     4. Think - [string "loaded bytecode"]:0
      5. unknown - [string "loaded bytecode"]:0
       6. unknown - [string "loaded bytecode"]:0
        7. unknown - [string "loaded bytecode"]:0
         8. unknown - lua/includes/modules/hook.lua:313


ServerLog: [FAdmin] [/LSAC/] AimbotBreakerBot - BY THE LSAC (STEAM_0:1:7099) Spawned

[Srlion's Hook Library] gamemodes/darkrp/gamemode/modules/base/sv_gamemode_functions.lua:872: attempt to index local 'jobTable' (a nil value)
  1. gm_func - gamemodes/darkrp/gamemode/modules/base/sv_gamemode_functions.lua:872
   2. unknown - lua/includes/modules/hook.lua:324
    3. CreateNextBot - [C]:-1
     4. CreateBot - [string "loaded bytecode"]:0
      5. Think - [string "loaded bytecode"]:0
       6. unknown - [string "loaded bytecode"]:0
        7. unknown - [string "loaded bytecode"]:0
         8. unknown - [string "loaded bytecode"]:0
          9. unknown - lua/includes/modules/hook.lua:313

[/LSAC/] [Anti Bad Defaults] Setting sv_allowcslua back to 0
NextBot tickrate changed from 0 (0.000ms) to 2 (0.091ms)

[Srlion's Hook Library] [string "loaded bytecode"]:0: attempt to index a nil value
  1. FlagReset - [string "loaded bytecode"]:0
   2. unknown - [string "loaded bytecode"]:0
    3. unknown - [string "loaded bytecode"]:0
     4. unknown - [string "loaded bytecode"]:0
      5. unknown - [string "loaded bytecode"]:0
       6. unknown - lua/includes/modules/hook.lua:313


[Srlion's Hook Library] [string "loaded bytecode"]:0: attempt to index a nil value
  1. FlagReset - [string "loaded bytecode"]:0
   2. unknown - [string "loaded bytecode"]:0
    3. unknown - [string "loaded bytecode"]:0
     4. unknown - [string "loaded bytecode"]:0
      5. unknown - [string "loaded bytecode"]:0
       6. unknown - lua/includes/modules/hook.lua:313

[/LSAC/] !!!ERROR!!!
[LSAC ERR INFO]
[LSAC.detections.StartCommand.Jump Bind Mismatch Check] [string "loaded bytecode"]:0: attempt to index a nil value

 ==trace stack traceback:
	addons/lsac/lua/autorun/server/sv_lsac.lua:19: in function 'error'
	[string "loaded bytecode"]: in function <[string "loaded bytecode"]:0>
	lua/includes/modules/hook.lua:313: in function <lua/includes/modules/hook.lua:296>
 ==end trace

[LSAC ERR INFO/]
ServerLog: AWarn: Your server info has been updated to the online statistics tracking
[Xenin Configurator] Initialised database instance successfully
[AWarn3] Your version of AWarn3 is up to date!
VCMod: Handshake successful.
VCMod: Handshake finished.
VCMod: Contacting preload API.
VCMod: Initializing preload.
VCMod: Preload finished. Initializing addons.
VCMod: Started loading serverside.
VCMod: Loaded Main v1.7892 serverside.
VCMod: Loaded ELS v1.1465 serverside.
VCMod: Loaded Handling editor v1.102 serverside.
VCMod: Finished loading serverside.
[MRS] License check started
[MRS] License web init
[MRS] License passed, loading functions...
[MRS] Functions loaded
VCMod: Scanning for potentially incompatible hooks.
VCMod: No incompatibilities found.
VCMod: General vehicle data is up to date.
Client "[Solve] Korneevscp" connected (192.168.1.16:27006).
ServerLog: [FAdmin] [Solve] Korneevscp (STEAM_0:0:454631636) Spawned for the first time
[MRS] Player's stored data loaded
ServerLog: [FAdmin] [Solve] Korneevscp (STEAM_0:0:454631636) is Authed

ServerLog: [FAdmin] [Solve] Korneevscp (STEAM_0:0:454631636) Spawned
ServerLog: [FAdmin] [Solve] Korneevscp (STEAM_0:0:454631636) Attempted to pick up a weapon_physcannon
ServerLog: [FAdmin] [Solve] Korneevscp (STEAM_0:0:454631636) Attempted to pick up a gmod_tool
ServerLog: [FAdmin] [Solve] Korneevscp (STEAM_0:0:454631636) Attempted to pick up a weapon_physgun
ServerLog: [FAdmin] [Solve] Korneevscp (STEAM_0:0:454631636) Attempted to pick up a weapon_ch_atm_card
ServerLog: [FAdmin] [Solve] Korneevscp (STEAM_0:0:454631636) Attempted to pick up a weapon_tg_fists
ServerLog: [FAdmin] [Solve] Korneevscp (STEAM_0:0:454631636) Attempted to pick up a dsr_keys
ServerLog: [FAdmin] [Solve] Korneevscp (STEAM_0:0:454631636) Attempted to pick up a weapon_keypadchecker
ServerLog: [FAdmin] [Solve] Korneevscp (STEAM_0:0:454631636) Attempted to pick up a door_ram
ServerLog: [FAdmin] [Solve] Korneevscp (STEAM_0:0:454631636) Attempted to pick up a arrest_stick
ServerLog: [FAdmin] [Solve] Korneevscp (STEAM_0:0:454631636) Attempted to pick up a unarrest_stick
ServerLog: [FAdmin] [Solve] Korneevscp (STEAM_0:0:454631636) Attempted to pick up a stunstick
ServerLog: [FAdmin] [Solve] Korneevscp (STEAM_0:0:454631636) Attempted to pick up a weaponchecker
VCMod: Player [Solve] Korneevscp has loaded and is waiting for a temp-key.
VCMod: Sent API key to player [Solve] Korneevscp. 99 keys left.
VCMod: Initializing player [Solve] Korneevscp.
[[Solve] Korneevscp|3|STEAM_0:0:454631636] Lua Error:

[Gmod Vehicle Bundle] lua/autorun/15mustanggt.lua:295: attempt to call global 'VC_MakeScripts' (a nil value)
  1. unknown - lua/autorun/15mustanggt.lua:295


[[Solve] Korneevscp|3|STEAM_0:0:454631636] Lua Error:

[gmodadminsuite-logging-2.4.8] addons/gmodadminsuite-logging-2.4.8/lua/vgui/gas_logging_entity_display.lua:410: attempt to index global 'GAS' (a nil value)
  1. unknown - addons/gmodadminsuite-logging-2.4.8/lua/vgui/gas_logging_entity_display.lua:410


[[Solve] Korneevscp|3|STEAM_0:0:454631636] Lua Error:

[Grand Theft Auto V Death Screen (Now with next-gen mode!)] lua/autorun/gtavds.lua:64: Tried to use a NULL entity!
  1. Alive - [C]:-1
   2. unknown - lua/autorun/gtavds.lua:64
    3. unknown - lua/includes/modules/hook.lua:313


[[Solve] Korneevscp|3|STEAM_0:0:454631636] Lua Error:

[Grand Theft Auto V Death Screen (Now with next-gen mode!)] lua/autorun/gtavds.lua:64: Tried to use a NULL entity!
  1. Alive - [C]:-1
   2. unknown - lua/autorun/gtavds.lua:64
    3. unknown - lua/includes/modules/hook.lua:313


[[Solve] Korneevscp|3|STEAM_0:0:454631636] Lua Error:

[Grand Theft Auto V Death Screen (Now with next-gen mode!)] lua/autorun/gtavds.lua:64: Tried to use a NULL entity!
  1. Alive - [C]:-1
   2. unknown - lua/autorun/gtavds.lua:64
    3. unknown - lua/includes/modules/hook.lua:313


ServerLog: [FAdmin] tt tt (STEAM_0:0:454631636) changed from Citizen to Meth Cook
ServerLog: [FAdmin] tt tt (STEAM_0:0:454631636) Attempted to pick up a weapon_physcannon
ServerLog: [FAdmin] tt tt (STEAM_0:0:454631636) Attempted to pick up a gmod_tool
ServerLog: [FAdmin] tt tt (STEAM_0:0:454631636) Attempted to pick up a weapon_physgun
ServerLog: [FAdmin] tt tt (STEAM_0:0:454631636) Attempted to pick up a weapon_ch_atm_card
ServerLog: [FAdmin] tt tt (STEAM_0:0:454631636) Attempted to pick up a weapon_tg_fists
ServerLog: [FAdmin] tt tt (STEAM_0:0:454631636) Attempted to pick up a dsr_keys
ServerLog: [FAdmin] tt tt (STEAM_0:0:454631636) Attempted to pick up a weapon_keypadchecker
ServerLog: [FAdmin] tt tt (STEAM_0:0:454631636) Attempted to pick up a door_ram
ServerLog: [FAdmin] tt tt (STEAM_0:0:454631636) Attempted to pick up a arrest_stick
ServerLog: [FAdmin] tt tt (STEAM_0:0:454631636) Attempted to pick up a unarrest_stick
ServerLog: [FAdmin] tt tt (STEAM_0:0:454631636) Attempted to pick up a stunstick
ServerLog: [FAdmin] tt tt (STEAM_0:0:454631636) Attempted to pick up a weaponchecker
ServerLog: "tt tt<3><STEAM_0:0:454631636><Meth Cook>" say "!menu"

[[Solve] Korneevscp|3|STEAM_0:0:454631636] Lua Error:

[sam-160] addons/sam-160/lua/sam/menu/cl_init.lua:198: attempt to call method 'AddAnimations' (a nil value)
  1. open_menu - addons/sam-160/lua/sam/menu/cl_init.lua:198
   2. callback - addons/sam-160/lua/sam/menu/sh_init.lua:16
    3. func - addons/sam-160/lua/sam/libs/sh_netstream.lua:185
     4. unknown - lua/includes/extensions/net.lua:34


[[Solve] Korneevscp|3|STEAM_0:0:454631636] Lua Error:

[sam-160] lua/includes/modules/draw.lua:180: attempt to index local 'color' (a nil value)
  1. RoundedBox - lua/includes/modules/draw.lua:180
   2. unknown - addons/sam-160/lua/sam/menu/cl_init.lua:139


[[Solve] Korneevscp|3|STEAM_0:0:454631636] Lua Error:

[sam-160] lua/includes/modules/draw.lua:180: attempt to index local 'color' (a nil value)
  1. RoundedBox - lua/includes/modules/draw.lua:180
   2. unknown - addons/sam-160/lua/sam/menu/cl_init.lua:139


[[Solve] Korneevscp|3|STEAM_0:0:454631636] Lua Error:

[sam-160] lua/includes/modules/draw.lua:180: attempt to index local 'color' (a nil value)
  1. RoundedBox - lua/includes/modules/draw.lua:180
   2. unknown - addons/sam-160/lua/sam/menu/cl_init.lua:139


[[Solve] Korneevscp|3|STEAM_0:0:454631636] Lua Error:

[sam-160] lua/includes/modules/draw.lua:180: attempt to index local 'color' (a nil value)
  1. RoundedBox - lua/includes/modules/draw.lua:180
   2. unknown - addons/sam-160/lua/sam/menu/cl_init.lua:139


[KJB] Attempting save...
ServerLog: [FAdmin] tt tt (STEAM_0:0:454631636) Disconnected
Dropped [Solve] Korneevscp from server (Disconnect by user.)
[KJB] Attempting save...
ServerLog: [FAdmin] [/LSAC/] AimbotBreakerBot - BY THE LSAC (STEAM_0:1:7099) Disconnected
Dropped [/LSAC/] AimbotBreakerBot - BY THE LSAC from server (Punting bot, server is hibernating)
ServerLog: [FAdmin] [/LSAC/] AimbotBreakerBot - BY THE LSAC (BOT) Spawned for the first time
[MRS] Player's stored data loaded

ServerLog: [FAdmin] [/LSAC/] AimbotBreakerBot - BY THE LSAC (BOT) Spawned
ServerLog: [FAdmin] [/LSAC/] AimbotBreakerBot - BY THE LSAC (BOT) Attempted to pick up a weapon_physcannon
ServerLog: [FAdmin] [/LSAC/] AimbotBreakerBot - BY THE LSAC (BOT) Attempted to pick up a gmod_tool
ServerLog: [FAdmin] [/LSAC/] AimbotBreakerBot - BY THE LSAC (BOT) Attempted to pick up a weapon_physgun
ServerLog: [FAdmin] [/LSAC/] AimbotBreakerBot - BY THE LSAC (BOT) Attempted to pick up a weapon_ch_atm_card
ServerLog: [FAdmin] [/LSAC/] AimbotBreakerBot - BY THE LSAC (BOT) Attempted to pick up a weapon_tg_fists
ServerLog: [FAdmin] [/LSAC/] AimbotBreakerBot - BY THE LSAC (BOT) Attempted to pick up a dsr_keys
Weapon weapon_physcannon#831 spawning in solid!
Weapon gmod_tool#832 spawning in solid!
Weapon weapon_physgun#1415 spawning in solid!
Weapon weapon_ch_atm_card#2444 spawning in solid!
Weapon weapon_tg_fists#3388 spawning in solid!
Weapon dsr_keys#3389 spawning in solid!
